<?xml version="1.0" encoding="UTF-8"?>
<testsuite name="Practice login" tests="1" skipped="0" failures="1" errors="0" timestamp="2021-06-30T00:24:30" hostname="LAPTOP-BNAK8A6Q" time="26.035">
  <properties/>
  <testcase name="Login successful" classname="Practice login" time="26.035">
    <failure message="java.lang.AssertionError: &#10;Expected: equalToIgnoringCase(&quot;Back to Loginn&quot;)&#10;     but: was Back to Login" type="java.lang.AssertionError">java.lang.AssertionError: 
Expected: equalToIgnoringCase(&quot;Back to Loginn&quot;)
     but: was Back to Login
	at net.serenitybdd.screenplay.ErrorTally.throwSummaryExceptionFrom(ErrorTally.java:36)
	at net.serenitybdd.screenplay.ErrorTally.reportAnyErrors(ErrorTally.java:30)
	at net.serenitybdd.screenplay.Actor.should(Actor.java:301)
	at com.demoqa.automation.tasks.ValidationsForLoginWithDataExcel.performAs(ValidationsForLoginWithDataExcel.java:19)
	at com.demoqa.automation.tasks.ValidationsForLoginWithDataExcel$$EnhancerByCGLIB$$243cab56.CGLIB$performAs$0(&lt;generated&gt;)
	at com.demoqa.automation.tasks.ValidationsForLoginWithDataExcel$$EnhancerByCGLIB$$243cab56$$FastClassByCGLIB$$b272e504.invoke(&lt;generated&gt;)
	at net.sf.cglib.proxy.MethodProxy.invokeSuper(MethodProxy.java:228)
	at net.thucydides.core.steps.StepInterceptor.invokeMethod(StepInterceptor.java:460)
	at net.thucydides.core.steps.StepInterceptor.executeTestStepMethod(StepInterceptor.java:445)
	at net.thucydides.core.steps.StepInterceptor.runTestStep(StepInterceptor.java:420)
	at net.thucydides.core.steps.StepInterceptor.runOrSkipMethod(StepInterceptor.java:175)
	at net.thucydides.core.steps.StepInterceptor.testStepResult(StepInterceptor.java:162)
	at net.thucydides.core.steps.StepInterceptor.intercept(StepInterceptor.java:68)
	at com.demoqa.automation.tasks.ValidationsForLoginWithDataExcel$$EnhancerByCGLIB$$243cab56.performAs(&lt;generated&gt;)
	at net.serenitybdd.screenplay.Actor.performTask(Actor.java:233)
	at net.serenitybdd.screenplay.Actor.perform(Actor.java:214)
	at net.serenitybdd.screenplay.Actor.attemptsTo(Actor.java:171)
	at com.demoqa.tests.stepdefinitions.PracticeLoginStepDefinitions.heShouldSeeTheCorrectValidationsWithTheExcel(PracticeLoginStepDefinitions.java:31)
	at ✽.he should see the correct validations with the excel(src/test/resources/features/practiceLogin.feature:6)
</failure>
  </testcase>
  <system-out><![CDATA[]]></system-out>
  <system-err><![CDATA[jun 29, 2021 7:24:30 PM org.openqa.selenium.remote.DesiredCapabilities chrome
INFORMACIÓN: Using `new ChromeOptions()` is preferred to `DesiredCapabilities.chrome()`
[Test worker] INFO net.serenitybdd.core.webdriver.driverproviders.ProvideNewDriver - Instantiating driver
[Test worker] INFO net.serenitybdd.core.webdriver.driverproviders.ProvideNewDriver - Driver capabilities: Capabilities {acceptInsecureCerts: false, browserName: chrome, chrome.switches: --disable-popup-blocking,--..., goog:chromeOptions: {args: [--disable-popup-blocking, --incognito, --disable-download-notifica..., --start-maximized, --test-type, --ignore-certificate-errors, --allow-running-insecure-co..., --disable-translate, --always-authorize-plugins, --disable-extensions, --disable-dev-shm-usage], extensions: []}, loggingPrefs: org.openqa.selenium.logging..., platform: ANY, version: }
Starting ChromeDriver 91.0.4472.19 (1bf021f248676a0b2ab3ee0561d83a59e424c23e-refs/branch-heads/4472@{#288}) on port 16298
Only local connections are allowed.
Please see https://chromedriver.chromium.org/security-considerations for suggestions on keeping ChromeDriver safe.
ChromeDriver was started successfully.
jun 29, 2021 7:24:34 PM org.openqa.selenium.remote.ProtocolHandshake createSession
INFORMACIÓN: Detected dialect: W3C
[Test worker] ERROR net.thucydides.core.steps.ConsoleLoggingListener - 
           __  _____ _____ ____ _____   _____ _    ___ _     _____ ____  
  _       / / |_   _| ____/ ___|_   _| |  ___/ \  |_ _| |   | ____|  _ \ 
 (_)_____| |    | | |  _| \___ \ | |   | |_ / _ \  | || |   |  _| | | | |
  _|_____| |    | | | |___ ___) || |   |  _/ ___ \ | || |___| |___| |_| |
 (_)     | |    |_| |_____|____/ |_|   |_|/_/   \_\___|_____|_____|____/ 
          \_\                                                            

TEST FAILED: Login successful
--------------------------------------------------------------------------
[Test worker] ERROR net.thucydides.core.steps.ConsoleLoggingListener - TEST FAILED AT STEP Then validations should be equalToIgnoringCase('Back to Loginn')
[Test worker] ERROR net.thucydides.core.steps.ConsoleLoggingListener - Expected: equalToIgnoringCase("Back to Loginn") but: was Back to Login
]]></system-err>
</testsuite>
